<?xml version="1.0" encoding="UTF-8"?>
<testsuite name="CardDeliveryTests" tests="1" skipped="0" failures="0" errors="0" timestamp="2019-11-04T17:55:30" hostname="LAPTOP-L88C07KA" time="11.556">
  <properties/>
  <testcase name="shouldNotSubmitWithEmptyCity()" classname="CardDeliveryTests" time="11.556"/>
  <system-out><![CDATA[]]></system-out>
  <system-err><![CDATA[ноя 04, 2019 8:55:30 PM com.codeborne.selenide.drivercommands.LazyDriver getAndCheckWebDriver
INFO: No webdriver is bound to current thread: 12 - let's create a new webdriver
SLF4J: Failed to load class "org.slf4j.impl.StaticLoggerBinder".
SLF4J: Defaulting to no-operation (NOP) logger implementation
SLF4J: See http://www.slf4j.org/codes.html#StaticLoggerBinder for further details.
Starting ChromeDriver 78.0.3904.70 (edb9c9f3de0247fd912a77b7f6cae7447f6d3ad5-refs/branch-heads/3904@{#800}) on port 12969
Only local connections are allowed.
Please protect ports used by ChromeDriver and related test frameworks to prevent access by malicious code.
[1572890134.528][WARNING]: Timed out connecting to Chrome, retrying...
ноя 04, 2019 8:55:36 PM org.openqa.selenium.remote.ProtocolHandshake createSession
INFO: Detected dialect: W3C
ноя 04, 2019 8:55:36 PM com.codeborne.selenide.webdriver.BrowserResizer adjustBrowserSize
INFO: Set browser size to 1366x768
[1572890138.595][WARNING]: Timed out connecting to Chrome, retrying...
ноя 04, 2019 8:55:40 PM com.codeborne.selenide.webdriver.WebDriverFactory logBrowserVersion
INFO: BrowserName=chrome Version=78.0.3904.87 Platform=XP
ноя 04, 2019 8:55:40 PM com.codeborne.selenide.webdriver.WebDriverFactory createWebDriver
INFO: Selenide v. 5.3.1
ноя 04, 2019 8:55:40 PM com.codeborne.selenide.webdriver.WebDriverFactory logSeleniumInfo
INFO: Selenium WebDriver v. 3.141.59 build time: 2018-11-14T08:17:03
ноя 04, 2019 8:55:40 PM com.codeborne.selenide.drivercommands.CreateDriverCommand createDriver
INFO: Create webdriver in current thread 12: ChromeDriver -> ChromeDriver: chrome on XP (648f47fa6348c65303d1e30e9de9c958)
]]></system-err>
</testsuite>
